2022-09-08 17:04:40,787 INFO org.springframework.boot.StartupInfoLogger [main] Starting SpringSecurityJwtApplication using Java 17.0.2 on Piyush with PID 15288 (F:\Udemy\Microservices\Microservices_part_1\projects\POC\6.Security\1.spring-security-jwt\build\classes\java\main started by mailt in F:\Udemy\Microservices\Microservices_part_1\projects\POC\6.Security\1.spring-security-jwt)
2022-09-08 17:04:40,794 DEBUG org.springframework.boot.StartupInfoLogger [main] Running with Spring Boot v2.7.3, Spring v5.3.22
2022-09-08 17:04:40,795 INFO org.springframework.boot.SpringApplication [main] No active profile set, falling back to 1 default profile: "default"
2022-09-08 17:05:53,378 INFO org.springframework.boot.StartupInfoLogger [main] Starting SpringSecurityJwtApplication using Java 17.0.2 on Piyush with PID 16848 (F:\Udemy\Microservices\Microservices_part_1\projects\POC\6.Security\1.spring-security-jwt\build\classes\java\main started by mailt in F:\Udemy\Microservices\Microservices_part_1\projects\POC\6.Security\1.spring-security-jwt)
2022-09-08 17:05:53,383 DEBUG org.springframework.boot.StartupInfoLogger [main] Running with Spring Boot v2.7.3, Spring v5.3.22
2022-09-08 17:05:53,385 INFO org.springframework.boot.SpringApplication [main] No active profile set, falling back to 1 default profile: "default"
2022-09-08 17:06:05,112 DEBUG org.springframework.web.filter.GenericFilterBean [main] Filter 'jwtRequestFilter' configured for use
2022-09-08 17:06:09,066 INFO org.springframework.boot.StartupInfoLogger [main] Started SpringSecurityJwtApplication in 16.68 seconds (JVM running for 17.92)
2022-09-08 17:10:15,483 INFO org.springframework.boot.StartupInfoLogger [main] Starting SpringSecurityJwtApplication using Java 17.0.2 on Piyush with PID 2176 (F:\Udemy\Microservices\Microservices_part_1\projects\POC\6.Security\1.spring-security-jwt\build\classes\java\main started by mailt in F:\Udemy\Microservices\Microservices_part_1\projects\POC\6.Security\1.spring-security-jwt)
2022-09-08 17:10:15,489 DEBUG org.springframework.boot.StartupInfoLogger [main] Running with Spring Boot v2.7.3, Spring v5.3.22
2022-09-08 17:10:15,491 INFO org.springframework.boot.SpringApplication [main] No active profile set, falling back to 1 default profile: "default"
2022-09-08 17:10:45,905 DEBUG org.springframework.web.filter.GenericFilterBean [main] Filter 'jwtRequestFilter' configured for use
2022-09-08 17:11:00,384 INFO org.springframework.boot.StartupInfoLogger [main] Started SpringSecurityJwtApplication in 47.675 seconds (JVM running for 51.697)
2022-09-08 17:15:21,977 INFO org.springframework.boot.StartupInfoLogger [main] Starting SpringSecurityJwtApplication using Java 17.0.2 on Piyush with PID 16464 (F:\Udemy\Microservices\Microservices_part_1\projects\POC\6.Security\1.spring-security-jwt\build\classes\java\main started by mailt in F:\Udemy\Microservices\Microservices_part_1\projects\POC\6.Security\1.spring-security-jwt)
2022-09-08 17:15:21,985 DEBUG org.springframework.boot.StartupInfoLogger [main] Running with Spring Boot v2.7.3, Spring v5.3.22
2022-09-08 17:15:21,987 INFO org.springframework.boot.SpringApplication [main] No active profile set, falling back to 1 default profile: "default"
2022-09-08 17:15:49,857 DEBUG org.springframework.web.filter.GenericFilterBean [main] Filter 'jwtRequestFilter' configured for use
2022-09-08 17:16:02,758 INFO org.springframework.boot.StartupInfoLogger [main] Started SpringSecurityJwtApplication in 43.405 seconds (JVM running for 53.88)
2022-09-08 17:30:51,629 INFO org.springframework.boot.StartupInfoLogger [main] Starting SpringSecurityJwtApplication using Java 17.0.2 on Piyush with PID 2764 (F:\Udemy\Microservices\Microservices_part_1\projects\POC\6.Security\1.spring-security-jwt\build\classes\java\main started by mailt in F:\Udemy\Microservices\Microservices_part_1\projects\POC\6.Security\1.spring-security-jwt)
2022-09-08 17:30:51,630 DEBUG org.springframework.boot.StartupInfoLogger [main] Running with Spring Boot v2.7.3, Spring v5.3.22
2022-09-08 17:30:51,631 INFO org.springframework.boot.SpringApplication [main] No active profile set, falling back to 1 default profile: "default"
2022-09-08 17:31:00,261 DEBUG org.springframework.web.filter.GenericFilterBean [main] Filter 'jwtRequestFilter' configured for use
2022-09-08 17:31:03,116 INFO org.springframework.boot.StartupInfoLogger [main] Started SpringSecurityJwtApplication in 12.589 seconds (JVM running for 13.725)
